[2025-08-06 12:56:09] SYSTEM - SOFI - Trading system initialized | initial_capital: $100.0 | company: SOFI
[2025-08-06 12:56:28] DATA_FETCH - SOFI - Fetching live options data | expiry_date: 2025-09-19 | company: SOFI
[2025-08-06 12:56:34] ENTER - SOFI - SOFI_6.0_Call - BUY - $25.00
[2025-08-06 12:56:34] TRADE_ENTRY - SOFI - Trade entered: BUY SOFI_6.0_Call | entry_price: $14.99 | heston_price: $15.47 | strike: $6.00 | contracts: 1 | position_size: $25.00 | mispricing: $-0.48 | active_trades: 1/4 | capital: $100.00
[2025-08-06 12:56:34] ENTER - SOFI - SOFI_4.0_Call - BUY - $25.00
[2025-08-06 12:56:34] TRADE_ENTRY - SOFI - Trade entered: BUY SOFI_4.0_Call | entry_price: $17.26 | heston_price: $17.46 | strike: $4.00 | contracts: 1 | position_size: $25.00 | mispricing: $-0.20 | active_trades: 2/4 | capital: $100.00
[2025-08-06 12:56:34] ENTER - SOFI - SOFI_3.0_Call - SELL - $25.00
[2025-08-06 12:56:34] TRADE_ENTRY - SOFI - Trade entered: SELL SOFI_3.0_Call | entry_price: $19.75 | heston_price: $18.45 | strike: $3.00 | contracts: 1 | position_size: $25.00 | mispricing: $1.30 | active_trades: 3/4 | capital: $100.00
[2025-08-06 12:56:34] ENTER - SOFI - SOFI_10.0_Call - SELL - $25.00
[2025-08-06 12:56:34] TRADE_ENTRY - SOFI - Trade entered: SELL SOFI_10.0_Call | entry_price: $12.08 | heston_price: $11.50 | strike: $10.00 | contracts: 1 | position_size: $25.00 | mispricing: $0.58 | active_trades: 4/4 | capital: $100.00
[2025-08-06 12:56:34] HOUR_COMPLETE - SOFI - Live hour processing complete | active_trades: 4/4 | buy_trades: 2 | sell_trades: 2 | capital: $100.00 | hour: 12
[2025-08-07 06:58:07] DATA_FETCH - SOFI - Fetching live options data | expiry_date: 2025-09-19 | company: SOFI
[2025-08-07 06:58:11] HOUR_COMPLETE - SOFI - Live hour processing complete | active_trades: 4/4 | buy_trades: 2 | sell_trades: 2 | capital: $100.00 | hour: 6
[2025-08-07 07:58:58] DATA_FETCH - SOFI - Fetching live options data | expiry_date: 2025-09-19 | company: SOFI
[2025-08-07 07:59:02] EXIT - SOFI - SOFI_10.0_Call - SELL - $25.00 - PnL: $0.00 - Return: 0.00%
[2025-08-07 07:59:02] TRADE_EXIT - SOFI - Trade exited: SELL SOFI_10.0_Call | entry_price: $12.08 | exit_price: $12.08 | pnl: $0.00 | return_pct: 0.00% | duration_hours: -5 | contracts: 1 | active_trades: 3/4 | capital: $100.00 | total_pnl: $0.00
[2025-08-07 07:59:02] HOUR_COMPLETE - SOFI - Live hour processing complete | active_trades: 3/4 | buy_trades: 2 | sell_trades: 1 | capital: $100.00 | hour: 7
[2025-08-07 09:00:00] DATA_FETCH - SOFI - Fetching live options data | expiry_date: 2025-09-19 | company: SOFI
[2025-08-07 09:00:04] HOUR_COMPLETE - SOFI - Live hour processing complete | active_trades: 3/4 | buy_trades: 2 | sell_trades: 1 | capital: $100.00 | hour: 9
[2025-08-07 10:00:44] DATA_FETCH - SOFI - Fetching live options data | expiry_date: 2025-09-19 | company: SOFI
[2025-08-07 10:00:48] HOUR_COMPLETE - SOFI - Live hour processing complete | active_trades: 3/4 | buy_trades: 2 | sell_trades: 1 | capital: $100.00 | hour: 10
[2025-08-07 11:01:35] DATA_FETCH - SOFI - Fetching live options data | expiry_date: 2025-09-19 | company: SOFI
[2025-08-07 11:01:39] HOUR_COMPLETE - SOFI - Live hour processing complete | active_trades: 3/4 | buy_trades: 2 | sell_trades: 1 | capital: $100.00 | hour: 11
[2025-08-07 12:02:33] DATA_FETCH - SOFI - Fetching live options data | expiry_date: 2025-09-19 | company: SOFI
[2025-08-07 12:02:38] HOUR_COMPLETE - SOFI - Live hour processing complete | active_trades: 3/4 | buy_trades: 2 | sell_trades: 1 | capital: $100.00 | hour: 12
[2025-08-08 06:33:38] DATA_FETCH - SOFI - Fetching live options data | expiry_date: 2025-09-19 | company: SOFI
[2025-08-08 06:33:42] HOUR_COMPLETE - SOFI - Live hour processing complete | active_trades: 3/4 | buy_trades: 2 | sell_trades: 1 | capital: $100.00 | hour: 6
[2025-08-08 07:34:42] DATA_FETCH - SOFI - Fetching live options data | expiry_date: 2025-09-19 | company: SOFI
[2025-08-08 07:34:46] HOUR_COMPLETE - SOFI - Live hour processing complete | active_trades: 3/4 | buy_trades: 2 | sell_trades: 1 | capital: $100.00 | hour: 7
[2025-08-08 08:35:29] DATA_FETCH - SOFI - Fetching live options data | expiry_date: 2025-09-19 | company: SOFI
[2025-08-08 08:35:33] HOUR_COMPLETE - SOFI - Live hour processing complete | active_trades: 3/4 | buy_trades: 2 | sell_trades: 1 | capital: $100.00 | hour: 8
[2025-08-08 08:45:43] DATA_FETCH - SOFI - Fetching live options data | expiry_date: 2025-09-19 | company: SOFI
[2025-08-08 08:45:46] EXIT - SOFI - SOFI_6.0_Call - BUY - $25.00 - PnL: $0.00 - Return: 0.00%
[2025-08-08 08:45:46] TRADE_EXIT - SOFI - Trade exited: BUY SOFI_6.0_Call | entry_price: $14.99 | exit_price: $14.99 | pnl: $0.00 | return_pct: 0.00% | duration_hours: -4 | contracts: 1 | active_trades: 2/4 | capital: $100.00 | total_pnl: $0.00
[2025-08-08 08:45:46] EXIT - SOFI - SOFI_4.0_Call - BUY - $25.00 - PnL: $0.00 - Return: 0.00%
[2025-08-08 08:45:46] TRADE_EXIT - SOFI - Trade exited: BUY SOFI_4.0_Call | entry_price: $17.26 | exit_price: $17.26 | pnl: $0.00 | return_pct: 0.00% | duration_hours: -4 | contracts: 1 | active_trades: 1/4 | capital: $100.00 | total_pnl: $0.00
[2025-08-08 08:45:46] EXIT - SOFI - SOFI_3.0_Call - SELL - $25.00 - PnL: $0.00 - Return: 0.00%
[2025-08-08 08:45:46] TRADE_EXIT - SOFI - Trade exited: SELL SOFI_3.0_Call | entry_price: $19.75 | exit_price: $19.75 | pnl: $0.00 | return_pct: 0.00% | duration_hours: -4 | contracts: 1 | active_trades: 0/4 | capital: $100.00 | total_pnl: $0.00
