[2025-08-06 12:56:18] ENTER - NVDA - NVDA_47.0_Call - BUY - $25.00
[2025-08-06 12:56:18] ENTER - NVDA - NVDA_42.0_Call - BUY - $25.00
[2025-08-06 12:56:18] ENTER - NVDA - NVDA_126.0_Call - SELL - $25.00
[2025-08-06 12:56:18] ENTER - NVDA - NVDA_135.0_Call - SELL - $25.00
[2025-08-07 07:58:47] EXIT - NVDA - NVDA_126.0_Call - SELL - $25.00 - PnL: $-2.85 - Return: -11.40%
[2025-08-07 07:58:47] EXIT - NVDA - NVDA_135.0_Call - SELL - $25.00 - PnL: $-2.49 - Return: -9.96%
[2025-08-07 07:58:47] ENTER - NVDA - NVDA_92.0_Call - SELL - $23.67
[2025-08-07 07:58:47] ENTER - NVDA - NVDA_122.0_Call - SELL - $21.00
[2025-08-07 11:01:23] EXIT - NVDA - NVDA_122.0_Call - SELL - $21.00 - PnL: $3.10 - Return: 14.77%
[2025-08-07 11:01:23] ENTER - NVDA - NVDA_112.0_Call - SELL - $24.10
[2025-08-08 06:33:26] EXIT - NVDA - NVDA_92.0_Call - SELL - $23.67 - PnL: $2.92 - Return: 12.34%
[2025-08-08 06:33:26] EXIT - NVDA - NVDA_112.0_Call - SELL - $24.10 - PnL: $3.15 - Return: 13.07%
[2025-08-08 06:33:26] ENTER - NVDA - NVDA_60.0_Call - SELL - $25.00
[2025-08-08 06:33:26] ENTER - NVDA - NVDA_80.0_Call - SELL - $25.00
[2025-08-08 08:35:17] EXIT - NVDA - NVDA_60.0_Call - SELL - $25.00 - PnL: $0.00 - Return: 0.00%
[2025-08-08 08:35:17] EXIT - NVDA - NVDA_80.0_Call - SELL - $25.00 - PnL: $0.00 - Return: 0.00%
[2025-08-08 08:35:17] ENTER - NVDA - NVDA_100.0_Call - SELL - $25.00
[2025-08-08 08:35:17] ENTER - NVDA - NVDA_125.0_Call - SELL - $25.00
[2025-08-08 08:45:32] EXIT - NVDA - NVDA_47.0_Call - BUY - $25.00 - PnL: $0.00 - Return: 0.00%
[2025-08-08 08:45:32] EXIT - NVDA - NVDA_42.0_Call - BUY - $25.00 - PnL: $0.00 - Return: 0.00%
[2025-08-08 08:45:32] EXIT - NVDA - NVDA_100.0_Call - SELL - $25.00 - PnL: $0.00 - Return: 0.00%
[2025-08-08 08:45:32] EXIT - NVDA - NVDA_125.0_Call - SELL - $25.00 - PnL: $0.13 - Return: 0.52%
